Performing C SOURCE FILE Test CMAKE_HAVE_LIBC_PTHREAD failed with the following output:
Change Dir: /home/youjeong/dofbot/dofbot_ws/build/CMakeFiles/CMakeTmp

Run Build Command(s):/usr/bin/make cmTC_34c48/fast && /usr/bin/make -f CMakeFiles/cmTC_34c48.dir/build.make CMakeFiles/cmTC_34c48.dir/build
make[1]: 디렉터리 '/home/youjeong/dofbot/dofbot_ws/build/CMakeFiles/CMakeTmp' 들어감
Building C object CMakeFiles/cmTC_34c48.dir/src.c.o
/usr/bin/cc   -DCMAKE_HAVE_LIBC_PTHREAD   -o CMakeFiles/cmTC_34c48.dir/src.c.o   -c /home/youjeong/dofbot/dofbot_ws/build/CMakeFiles/CMakeTmp/src.c
Linking C executable cmTC_34c48
/usr/bin/cmake -E cmake_link_script CMakeFiles/cmTC_34c48.dir/link.txt --verbose=1
/usr/bin/cc  -DCMAKE_HAVE_LIBC_PTHREAD    -rdynamic CMakeFiles/cmTC_34c48.dir/src.c.o  -o cmTC_34c48 
/usr/bin/ld: CMakeFiles/cmTC_34c48.dir/src.c.o: in function `main':
src.c:(.text+0x46): undefined reference to `pthread_create'
/usr/bin/ld: src.c:(.text+0x52): undefined reference to `pthread_detach'
/usr/bin/ld: src.c:(.text+0x63): undefined reference to `pthread_join'
collect2: error: ld returned 1 exit status
make[1]: *** [CMakeFiles/cmTC_34c48.dir/build.make:87: cmTC_34c48] 오류 1
make[1]: 디렉터리 '/home/youjeong/dofbot/dofbot_ws/build/CMakeFiles/CMakeTmp' 나감
make: *** [Makefile:121: cmTC_34c48/fast] 오류 2


Source file was:
#include <pthread.h>

void* test_func(void* data)
{
  return data;
}

int main(void)
{
  pthread_t thread;
  pthread_create(&thread, NULL, test_func, NULL);
  pthread_detach(thread);
  pthread_join(thread, NULL);
  pthread_atfork(NULL, NULL, NULL);
  pthread_exit(NULL);

  return 0;
}

Determining if the function pthread_create exists in the pthreads failed with the following output:
Change Dir: /home/youjeong/dofbot/dofbot_ws/build/CMakeFiles/CMakeTmp

Run Build Command(s):/usr/bin/make cmTC_0b092/fast && /usr/bin/make -f CMakeFiles/cmTC_0b092.dir/build.make CMakeFiles/cmTC_0b092.dir/build
make[1]: 디렉터리 '/home/youjeong/dofbot/dofbot_ws/build/CMakeFiles/CMakeTmp' 들어감
Building C object CMakeFiles/cmTC_0b092.dir/CheckFunctionExists.c.o
/usr/bin/cc   -DCHECK_FUNCTION_EXISTS=pthread_create   -o CMakeFiles/cmTC_0b092.dir/CheckFunctionExists.c.o   -c /usr/share/cmake-3.16/Modules/CheckFunctionExists.c
Linking C executable cmTC_0b092
/usr/bin/cmake -E cmake_link_script CMakeFiles/cmTC_0b092.dir/link.txt --verbose=1
/usr/bin/cc  -DCHECK_FUNCTION_EXISTS=pthread_create    -rdynamic CMakeFiles/cmTC_0b092.dir/CheckFunctionExists.c.o  -o cmTC_0b092  -lpthreads 
/usr/bin/ld: cannot find -lpthreads
collect2: error: ld returned 1 exit status
make[1]: *** [CMakeFiles/cmTC_0b092.dir/build.make:87: cmTC_0b092] 오류 1
make[1]: 디렉터리 '/home/youjeong/dofbot/dofbot_ws/build/CMakeFiles/CMakeTmp' 나감
make: *** [Makefile:121: cmTC_0b092/fast] 오류 2



Performing C SOURCE FILE Test CMAKE_HAVE_LIBC_PTHREAD failed with the following output:
Change Dir: /home/youjeong/Dofbot_manipulation_workspace/dofbot_ws/build/CMakeFiles/CMakeTmp

Run Build Command(s):/usr/bin/make cmTC_4d26f/fast && /usr/bin/make -f CMakeFiles/cmTC_4d26f.dir/build.make CMakeFiles/cmTC_4d26f.dir/build
make[1]: Entering directory '/home/youjeong/Dofbot_manipulation_workspace/dofbot_ws/build/CMakeFiles/CMakeTmp'
Building C object CMakeFiles/cmTC_4d26f.dir/src.c.o
/usr/bin/cc   -DCMAKE_HAVE_LIBC_PTHREAD   -o CMakeFiles/cmTC_4d26f.dir/src.c.o   -c /home/youjeong/Dofbot_manipulation_workspace/dofbot_ws/build/CMakeFiles/CMakeTmp/src.c
Linking C executable cmTC_4d26f
/usr/bin/cmake -E cmake_link_script CMakeFiles/cmTC_4d26f.dir/link.txt --verbose=1
/usr/bin/cc  -DCMAKE_HAVE_LIBC_PTHREAD    -rdynamic CMakeFiles/cmTC_4d26f.dir/src.c.o  -o cmTC_4d26f 
/usr/bin/ld: CMakeFiles/cmTC_4d26f.dir/src.c.o: in function `main':
src.c:(.text+0x46): undefined reference to `pthread_create'
/usr/bin/ld: src.c:(.text+0x52): undefined reference to `pthread_detach'
/usr/bin/ld: src.c:(.text+0x63): undefined reference to `pthread_join'
collect2: error: ld returned 1 exit status
make[1]: *** [CMakeFiles/cmTC_4d26f.dir/build.make:87: cmTC_4d26f] Error 1
make[1]: Leaving directory '/home/youjeong/Dofbot_manipulation_workspace/dofbot_ws/build/CMakeFiles/CMakeTmp'
make: *** [Makefile:121: cmTC_4d26f/fast] Error 2


Source file was:
#include <pthread.h>

void* test_func(void* data)
{
  return data;
}

int main(void)
{
  pthread_t thread;
  pthread_create(&thread, NULL, test_func, NULL);
  pthread_detach(thread);
  pthread_join(thread, NULL);
  pthread_atfork(NULL, NULL, NULL);
  pthread_exit(NULL);

  return 0;
}

Determining if the function pthread_create exists in the pthreads failed with the following output:
Change Dir: /home/youjeong/Dofbot_manipulation_workspace/dofbot_ws/build/CMakeFiles/CMakeTmp

Run Build Command(s):/usr/bin/make cmTC_f642d/fast && /usr/bin/make -f CMakeFiles/cmTC_f642d.dir/build.make CMakeFiles/cmTC_f642d.dir/build
make[1]: Entering directory '/home/youjeong/Dofbot_manipulation_workspace/dofbot_ws/build/CMakeFiles/CMakeTmp'
Building C object CMakeFiles/cmTC_f642d.dir/CheckFunctionExists.c.o
/usr/bin/cc   -DCHECK_FUNCTION_EXISTS=pthread_create   -o CMakeFiles/cmTC_f642d.dir/CheckFunctionExists.c.o   -c /usr/share/cmake-3.16/Modules/CheckFunctionExists.c
Linking C executable cmTC_f642d
/usr/bin/cmake -E cmake_link_script CMakeFiles/cmTC_f642d.dir/link.txt --verbose=1
/usr/bin/cc  -DCHECK_FUNCTION_EXISTS=pthread_create    -rdynamic CMakeFiles/cmTC_f642d.dir/CheckFunctionExists.c.o  -o cmTC_f642d  -lpthreads 
/usr/bin/ld: cannot find -lpthreads
collect2: error: ld returned 1 exit status
make[1]: *** [CMakeFiles/cmTC_f642d.dir/build.make:87: cmTC_f642d] Error 1
make[1]: Leaving directory '/home/youjeong/Dofbot_manipulation_workspace/dofbot_ws/build/CMakeFiles/CMakeTmp'
make: *** [Makefile:121: cmTC_f642d/fast] Error 2



Performing C SOURCE FILE Test CMAKE_HAVE_LIBC_PTHREAD failed with the following output:
Change Dir: /home/youjeong/Dofbot_manipulation_workspace/dofbot_ws/build/CMakeFiles/CMakeTmp

Run Build Command(s):/usr/bin/make cmTC_d50df/fast && /usr/bin/make -f CMakeFiles/cmTC_d50df.dir/build.make CMakeFiles/cmTC_d50df.dir/build
make[1]: Entering directory '/home/youjeong/Dofbot_manipulation_workspace/dofbot_ws/build/CMakeFiles/CMakeTmp'
Building C object CMakeFiles/cmTC_d50df.dir/src.c.o
/usr/bin/cc   -DCMAKE_HAVE_LIBC_PTHREAD   -o CMakeFiles/cmTC_d50df.dir/src.c.o   -c /home/youjeong/Dofbot_manipulation_workspace/dofbot_ws/build/CMakeFiles/CMakeTmp/src.c
Linking C executable cmTC_d50df
/usr/bin/cmake -E cmake_link_script CMakeFiles/cmTC_d50df.dir/link.txt --verbose=1
/usr/bin/cc  -DCMAKE_HAVE_LIBC_PTHREAD    -rdynamic CMakeFiles/cmTC_d50df.dir/src.c.o  -o cmTC_d50df 
/usr/bin/ld: CMakeFiles/cmTC_d50df.dir/src.c.o: in function `main':
src.c:(.text+0x46): undefined reference to `pthread_create'
/usr/bin/ld: src.c:(.text+0x52): undefined reference to `pthread_detach'
/usr/bin/ld: src.c:(.text+0x63): undefined reference to `pthread_join'
collect2: error: ld returned 1 exit status
make[1]: *** [CMakeFiles/cmTC_d50df.dir/build.make:87: cmTC_d50df] Error 1
make[1]: Leaving directory '/home/youjeong/Dofbot_manipulation_workspace/dofbot_ws/build/CMakeFiles/CMakeTmp'
make: *** [Makefile:121: cmTC_d50df/fast] Error 2


Source file was:
#include <pthread.h>

void* test_func(void* data)
{
  return data;
}

int main(void)
{
  pthread_t thread;
  pthread_create(&thread, NULL, test_func, NULL);
  pthread_detach(thread);
  pthread_join(thread, NULL);
  pthread_atfork(NULL, NULL, NULL);
  pthread_exit(NULL);

  return 0;
}

Determining if the function pthread_create exists in the pthreads failed with the following output:
Change Dir: /home/youjeong/Dofbot_manipulation_workspace/dofbot_ws/build/CMakeFiles/CMakeTmp

Run Build Command(s):/usr/bin/make cmTC_00566/fast && /usr/bin/make -f CMakeFiles/cmTC_00566.dir/build.make CMakeFiles/cmTC_00566.dir/build
make[1]: Entering directory '/home/youjeong/Dofbot_manipulation_workspace/dofbot_ws/build/CMakeFiles/CMakeTmp'
Building C object CMakeFiles/cmTC_00566.dir/CheckFunctionExists.c.o
/usr/bin/cc   -DCHECK_FUNCTION_EXISTS=pthread_create   -o CMakeFiles/cmTC_00566.dir/CheckFunctionExists.c.o   -c /usr/share/cmake-3.16/Modules/CheckFunctionExists.c
Linking C executable cmTC_00566
/usr/bin/cmake -E cmake_link_script CMakeFiles/cmTC_00566.dir/link.txt --verbose=1
/usr/bin/cc  -DCHECK_FUNCTION_EXISTS=pthread_create    -rdynamic CMakeFiles/cmTC_00566.dir/CheckFunctionExists.c.o  -o cmTC_00566  -lpthreads 
/usr/bin/ld: cannot find -lpthreads
collect2: error: ld returned 1 exit status
make[1]: *** [CMakeFiles/cmTC_00566.dir/build.make:87: cmTC_00566] Error 1
make[1]: Leaving directory '/home/youjeong/Dofbot_manipulation_workspace/dofbot_ws/build/CMakeFiles/CMakeTmp'
make: *** [Makefile:121: cmTC_00566/fast] Error 2



